2022-08-12 10:41:27 INFO main - rocketmqHome=/opt/rocketmq-4.4.0
2022-08-12 10:41:27 INFO main - namesrvAddr=namesrv:9876
2022-08-12 10:41:27 INFO main - brokerIP1=192.168.32.228
2022-08-12 10:41:27 INFO main - brokerIP2=172.21.0.4
2022-08-12 10:41:27 INFO main - brokerName=broker-a
2022-08-12 10:41:27 INFO main - brokerClusterName=DefaultCluster
2022-08-12 10:41:27 INFO main - brokerId=0
2022-08-12 10:41:27 INFO main - brokerPermission=6
2022-08-12 10:41:27 INFO main - defaultTopicQueueNums=8
2022-08-12 10:41:27 INFO main - autoCreateTopicEnable=true
2022-08-12 10:41:27 INFO main - clusterTopicEnable=true
2022-08-12 10:41:27 INFO main - brokerTopicEnable=true
2022-08-12 10:41:27 INFO main - autoCreateSubscriptionGroup=true
2022-08-12 10:41:27 INFO main - messageStorePlugIn=
2022-08-12 10:41:27 INFO main - msgTraceTopicName=RMQ_SYS_TRACE_TOPIC
2022-08-12 10:41:27 INFO main - traceTopicEnable=false
2022-08-12 10:41:27 INFO main - sendMessageThreadPoolNums=1
2022-08-12 10:41:27 INFO main - pullMessageThreadPoolNums=24
2022-08-12 10:41:27 INFO main - queryMessageThreadPoolNums=12
2022-08-12 10:41:27 INFO main - adminBrokerThreadPoolNums=16
2022-08-12 10:41:27 INFO main - clientManageThreadPoolNums=32
2022-08-12 10:41:27 INFO main - consumerManageThreadPoolNums=32
2022-08-12 10:41:27 INFO main - heartbeatThreadPoolNums=4
2022-08-12 10:41:27 INFO main - endTransactionThreadPoolNums=16
2022-08-12 10:41:27 INFO main - flushConsumerOffsetInterval=5000
2022-08-12 10:41:27 INFO main - flushConsumerOffsetHistoryInterval=60000
2022-08-12 10:41:27 INFO main - rejectTransactionMessage=false
2022-08-12 10:41:27 INFO main - fetchNamesrvAddrByAddressServer=false
2022-08-12 10:41:27 INFO main - sendThreadPoolQueueCapacity=10000
2022-08-12 10:41:27 INFO main - pullThreadPoolQueueCapacity=100000
2022-08-12 10:41:27 INFO main - queryThreadPoolQueueCapacity=20000
2022-08-12 10:41:27 INFO main - clientManagerThreadPoolQueueCapacity=1000000
2022-08-12 10:41:27 INFO main - consumerManagerThreadPoolQueueCapacity=1000000
2022-08-12 10:41:27 INFO main - heartbeatThreadPoolQueueCapacity=50000
2022-08-12 10:41:27 INFO main - endTransactionPoolQueueCapacity=100000
2022-08-12 10:41:27 INFO main - filterServerNums=0
2022-08-12 10:41:27 INFO main - longPollingEnable=true
2022-08-12 10:41:27 INFO main - shortPollingTimeMills=1000
2022-08-12 10:41:27 INFO main - notifyConsumerIdsChangedEnable=true
2022-08-12 10:41:27 INFO main - highSpeedMode=false
2022-08-12 10:41:27 INFO main - commercialEnable=true
2022-08-12 10:41:27 INFO main - commercialTimerCount=1
2022-08-12 10:41:27 INFO main - commercialTransCount=1
2022-08-12 10:41:27 INFO main - commercialBigCount=1
2022-08-12 10:41:27 INFO main - commercialBaseCount=1
2022-08-12 10:41:27 INFO main - transferMsgByHeap=true
2022-08-12 10:41:27 INFO main - maxDelayTime=40
2022-08-12 10:41:27 INFO main - regionId=DefaultRegion
2022-08-12 10:41:27 INFO main - registerBrokerTimeoutMills=6000
2022-08-12 10:41:27 INFO main - slaveReadEnable=false
2022-08-12 10:41:27 INFO main - disableConsumeIfConsumerReadSlowly=false
2022-08-12 10:41:27 INFO main - consumerFallbehindThreshold=17179869184
2022-08-12 10:41:27 INFO main - brokerFastFailureEnable=true
2022-08-12 10:41:27 INFO main - waitTimeMillsInSendQueue=200
2022-08-12 10:41:27 INFO main - waitTimeMillsInPullQueue=5000
2022-08-12 10:41:27 INFO main - waitTimeMillsInHeartbeatQueue=31000
2022-08-12 10:41:27 INFO main - waitTimeMillsInTransactionQueue=3000
2022-08-12 10:41:27 INFO main - startAcceptSendRequestTimeStamp=0
2022-08-12 10:41:27 INFO main - traceOn=true
2022-08-12 10:41:27 INFO main - enableCalcFilterBitMap=false
2022-08-12 10:41:27 INFO main - expectConsumerNumUseFilter=32
2022-08-12 10:41:27 INFO main - maxErrorRateOfBloomFilter=20
2022-08-12 10:41:27 INFO main - filterDataCleanTimeSpan=86400000
2022-08-12 10:41:27 INFO main - filterSupportRetry=false
2022-08-12 10:41:27 INFO main - enablePropertyFilter=false
2022-08-12 10:41:27 INFO main - compressedRegister=false
2022-08-12 10:41:27 INFO main - forceRegister=true
2022-08-12 10:41:27 INFO main - registerNameServerPeriod=30000
2022-08-12 10:41:27 INFO main - transactionTimeOut=6000
2022-08-12 10:41:27 INFO main - transactionCheckMax=15
2022-08-12 10:41:27 INFO main - transactionCheckInterval=60000
2022-08-12 10:41:27 INFO main - aclEnable=false
2022-08-12 10:41:27 INFO main - listenPort=10911
2022-08-12 10:41:27 INFO main - serverWorkerThreads=8
2022-08-12 10:41:27 INFO main - serverCallbackExecutorThreads=0
2022-08-12 10:41:27 INFO main - serverSelectorThreads=3
2022-08-12 10:41:27 INFO main - serverOnewaySemaphoreValue=256
2022-08-12 10:41:27 INFO main - serverAsyncSemaphoreValue=64
2022-08-12 10:41:27 INFO main - serverChannelMaxIdleTimeSeconds=120
2022-08-12 10:41:27 INFO main - serverSocketSndBufSize=131072
2022-08-12 10:41:27 INFO main - serverSocketRcvBufSize=131072
2022-08-12 10:41:27 INFO main - serverPooledByteBufAllocatorEnable=true
2022-08-12 10:41:27 INFO main - useEpollNativeSelector=false
2022-08-12 10:41:27 INFO main - clientWorkerThreads=4
2022-08-12 10:41:27 INFO main - clientCallbackExecutorThreads=4
2022-08-12 10:41:27 INFO main - clientOnewaySemaphoreValue=65535
2022-08-12 10:41:27 INFO main - clientAsyncSemaphoreValue=65535
2022-08-12 10:41:27 INFO main - connectTimeoutMillis=3000
2022-08-12 10:41:27 INFO main - channelNotActiveInterval=60000
2022-08-12 10:41:27 INFO main - clientChannelMaxIdleTimeSeconds=120
2022-08-12 10:41:27 INFO main - clientSocketSndBufSize=131072
2022-08-12 10:41:27 INFO main - clientSocketRcvBufSize=131072
2022-08-12 10:41:27 INFO main - clientPooledByteBufAllocatorEnable=false
2022-08-12 10:41:27 INFO main - clientCloseSocketIfTimeout=false
2022-08-12 10:41:27 INFO main - useTLS=false
2022-08-12 10:41:27 INFO main - storePathRootDir=/root/store
2022-08-12 10:41:27 INFO main - storePathCommitLog=/root/store/commitlog
2022-08-12 10:41:27 INFO main - mapedFileSizeCommitLog=1073741824
2022-08-12 10:41:27 INFO main - mapedFileSizeConsumeQueue=6000000
2022-08-12 10:41:27 INFO main - enableConsumeQueueExt=false
2022-08-12 10:41:27 INFO main - mappedFileSizeConsumeQueueExt=50331648
2022-08-12 10:41:27 INFO main - bitMapLengthConsumeQueueExt=64
2022-08-12 10:41:27 INFO main - flushIntervalCommitLog=500
2022-08-12 10:41:27 INFO main - commitIntervalCommitLog=200
2022-08-12 10:41:27 INFO main - useReentrantLockWhenPutMessage=false
2022-08-12 10:41:27 INFO main - flushCommitLogTimed=false
2022-08-12 10:41:27 INFO main - flushIntervalConsumeQueue=1000
2022-08-12 10:41:27 INFO main - cleanResourceInterval=10000
2022-08-12 10:41:27 INFO main - deleteCommitLogFilesInterval=100
2022-08-12 10:41:27 INFO main - deleteConsumeQueueFilesInterval=100
2022-08-12 10:41:27 INFO main - destroyMapedFileIntervalForcibly=120000
2022-08-12 10:41:27 INFO main - redeleteHangedFileInterval=120000
2022-08-12 10:41:27 INFO main - deleteWhen=04
2022-08-12 10:41:27 INFO main - diskMaxUsedSpaceRatio=75
2022-08-12 10:41:27 INFO main - fileReservedTime=48
2022-08-12 10:41:27 INFO main - putMsgIndexHightWater=600000
2022-08-12 10:41:27 INFO main - maxMessageSize=4194304
2022-08-12 10:41:27 INFO main - checkCRCOnRecover=true
2022-08-12 10:41:27 INFO main - flushCommitLogLeastPages=4
2022-08-12 10:41:27 INFO main - commitCommitLogLeastPages=4
2022-08-12 10:41:27 INFO main - flushLeastPagesWhenWarmMapedFile=4096
2022-08-12 10:41:27 INFO main - flushConsumeQueueLeastPages=2
2022-08-12 10:41:27 INFO main - flushCommitLogThoroughInterval=10000
2022-08-12 10:41:27 INFO main - commitCommitLogThoroughInterval=200
2022-08-12 10:41:27 INFO main - flushConsumeQueueThoroughInterval=60000
2022-08-12 10:41:27 INFO main - maxTransferBytesOnMessageInMemory=262144
2022-08-12 10:41:27 INFO main - maxTransferCountOnMessageInMemory=32
2022-08-12 10:41:27 INFO main - maxTransferBytesOnMessageInDisk=65536
2022-08-12 10:41:27 INFO main - maxTransferCountOnMessageInDisk=8
2022-08-12 10:41:27 INFO main - accessMessageInMemoryMaxRatio=40
2022-08-12 10:41:27 INFO main - messageIndexEnable=true
2022-08-12 10:41:27 INFO main - maxHashSlotNum=5000000
2022-08-12 10:41:27 INFO main - maxIndexNum=20000000
2022-08-12 10:41:27 INFO main - maxMsgsNumBatch=64
2022-08-12 10:41:27 INFO main - messageIndexSafe=false
2022-08-12 10:41:27 INFO main - haListenPort=10912
2022-08-12 10:41:27 INFO main - haSendHeartbeatInterval=5000
2022-08-12 10:41:27 INFO main - haHousekeepingInterval=20000
2022-08-12 10:41:27 INFO main - haTransferBatchSize=32768
2022-08-12 10:41:27 INFO main - haMasterAddress=
2022-08-12 10:41:27 INFO main - haSlaveFallbehindMax=268435456
2022-08-12 10:41:27 INFO main - brokerRole=ASYNC_MASTER
2022-08-12 10:41:27 INFO main - flushDiskType=ASYNC_FLUSH
2022-08-12 10:41:27 INFO main - syncFlushTimeout=5000
2022-08-12 10:41:27 INFO main - messageDelayLevel=1s 5s 10s 30s 1m 2m 3m 4m 5m 6m 7m 8m 9m 10m 20m 30m 1h 2h
2022-08-12 10:41:27 INFO main - flushDelayOffsetInterval=10000
2022-08-12 10:41:27 INFO main - cleanFileForciblyEnable=true
2022-08-12 10:41:27 INFO main - warmMapedFileEnable=false
2022-08-12 10:41:27 INFO main - offsetCheckInSlave=false
2022-08-12 10:41:27 INFO main - debugLockEnable=false
2022-08-12 10:41:27 INFO main - duplicationEnable=false
2022-08-12 10:41:27 INFO main - diskFallRecorded=true
2022-08-12 10:41:27 INFO main - osPageCacheBusyTimeOutMills=1000
2022-08-12 10:41:27 INFO main - defaultQueryMaxNum=32
2022-08-12 10:41:27 INFO main - transientStorePoolEnable=false
2022-08-12 10:41:27 INFO main - transientStorePoolSize=5
2022-08-12 10:41:27 INFO main - fastFailIfNoBufferInStorePool=false
2022-08-12 10:41:28 INFO main - Set user specified name server address: namesrv:9876
2022-08-12 10:41:28 WARN main - Load default transaction message hook service: TransactionalMessageServiceImpl
2022-08-12 10:41:28 WARN main - Load default discard message hook service: DefaultTransactionalMessageCheckListener
2022-08-12 10:41:28 INFO main - The broker dose not enable acl
2022-08-12 10:41:28 INFO FileWatchService - FileWatchService service started
2022-08-12 10:41:28 INFO PullRequestHoldService - PullRequestHoldService service started
2022-08-12 10:41:28 INFO brokerOutApi_thread_1 - register broker to name server namesrv:9876 OK
2022-08-12 10:41:28 INFO main - Start transaction service!
2022-08-12 10:41:28 INFO main - The broker[broker-a, 192.168.32.228:10911] boot success. serializeType=JSON and name server is namesrv:9876
2022-08-12 10:41:38 INFO BrokerControllerScheduledThread1 - dispatch behind commit log 0 bytes
2022-08-12 10:41:38 INFO BrokerControllerScheduledThread1 - Slave fall behind master: 0 bytes
2022-08-12 10:41:38 INFO brokerOutApi_thread_2 - register broker to name server namesrv:9876 OK
