2022-08-12 10:41:24 INFO main - rocketmqHome=/opt/rocketmq-4.4.0
2022-08-12 10:41:24 INFO main - kvConfigPath=/root/namesrv/kvConfig.json
2022-08-12 10:41:24 INFO main - configStorePath=/root/namesrv/namesrv.properties
2022-08-12 10:41:24 INFO main - productEnvName=center
2022-08-12 10:41:24 INFO main - clusterTest=false
2022-08-12 10:41:24 INFO main - orderMessageEnable=false
2022-08-12 10:41:24 INFO main - listenPort=9876
2022-08-12 10:41:24 INFO main - serverWorkerThreads=8
2022-08-12 10:41:24 INFO main - serverCallbackExecutorThreads=0
2022-08-12 10:41:24 INFO main - serverSelectorThreads=3
2022-08-12 10:41:24 INFO main - serverOnewaySemaphoreValue=256
2022-08-12 10:41:24 INFO main - serverAsyncSemaphoreValue=64
2022-08-12 10:41:24 INFO main - serverChannelMaxIdleTimeSeconds=120
2022-08-12 10:41:24 INFO main - serverSocketSndBufSize=65535
2022-08-12 10:41:24 INFO main - serverSocketRcvBufSize=65535
2022-08-12 10:41:24 INFO main - serverPooledByteBufAllocatorEnable=true
2022-08-12 10:41:24 INFO main - useEpollNativeSelector=false
2022-08-12 10:41:25 INFO main - Server is running in TLS permissive mode
2022-08-12 10:41:25 INFO main - Tls config file doesn't exist, skip it
2022-08-12 10:41:25 INFO main - Log the final used tls related configuration
2022-08-12 10:41:25 INFO main - tls.test.mode.enable = true
2022-08-12 10:41:25 INFO main - tls.server.need.client.auth = none
2022-08-12 10:41:25 INFO main - tls.server.keyPath = null
2022-08-12 10:41:25 INFO main - tls.server.keyPassword = null
2022-08-12 10:41:25 INFO main - tls.server.certPath = null
2022-08-12 10:41:25 INFO main - tls.server.authClient = false
2022-08-12 10:41:25 INFO main - tls.server.trustCertPath = null
2022-08-12 10:41:25 INFO main - tls.client.keyPath = null
2022-08-12 10:41:25 INFO main - tls.client.keyPassword = null
2022-08-12 10:41:25 INFO main - tls.client.certPath = null
2022-08-12 10:41:25 INFO main - tls.client.authServer = false
2022-08-12 10:41:25 INFO main - tls.client.trustCertPath = null
2022-08-12 10:41:25 INFO main - Using OpenSSL provider
2022-08-12 10:41:26 INFO main - SSLContext created for server
2022-08-12 10:41:26 INFO NettyEventExecutor - NettyEventExecutor service started
2022-08-12 10:41:26 INFO main - The Name Server boot success. serializeType=JSON
2022-08-12 10:41:26 INFO FileWatchService - FileWatchService service started
2022-08-12 10:41:28 INFO NettyServerCodecThread_1 - NETTY SERVER PIPELINE: channelRegistered 172.21.0.4:50058
2022-08-12 10:41:28 INFO NettyServerCodecThread_1 - NETTY SERVER PIPELINE: channelActive, the channel[172.21.0.4:50058]
2022-08-12 10:41:28 INFO RemotingExecutorThread_1 - new topic registered, BenchmarkTest QueueData [brokerName=broker-a, readQueueNums=1024, writeQueueNums=1024, perm=6, topicSynFlag=0]
2022-08-12 10:41:28 INFO RemotingExecutorThread_1 - new topic registered, OFFSET_MOVED_EVENT QueueData [brokerName=broker-a, readQueueNums=1, writeQueueNums=1, perm=6, topicSynFlag=0]
2022-08-12 10:41:28 INFO RemotingExecutorThread_1 - new topic registered, broker-a QueueData [brokerName=broker-a, readQueueNums=1, writeQueueNums=1, perm=7, topicSynFlag=0]
2022-08-12 10:41:28 INFO RemotingExecutorThread_1 - new topic registered, TBW102 QueueData [brokerName=broker-a, readQueueNums=8, writeQueueNums=8, perm=7, topicSynFlag=0]
2022-08-12 10:41:28 INFO RemotingExecutorThread_1 - new topic registered, SELF_TEST_TOPIC QueueData [brokerName=broker-a, readQueueNums=1, writeQueueNums=1, perm=6, topicSynFlag=0]
2022-08-12 10:41:28 INFO RemotingExecutorThread_1 - new topic registered, DefaultCluster QueueData [brokerName=broker-a, readQueueNums=16, writeQueueNums=16, perm=7, topicSynFlag=0]
2022-08-12 10:41:28 INFO RemotingExecutorThread_1 - new broker registered, 192.168.32.228:10911 HAServer: 172.21.0.4:10912
