2022-08-12 10:41:27 INFO main - Server is running in TLS permissive mode
2022-08-12 10:41:27 INFO main - Tls config file doesn't exist, skip it
2022-08-12 10:41:27 INFO main - Log the final used tls related configuration
2022-08-12 10:41:27 INFO main - tls.test.mode.enable = true
2022-08-12 10:41:27 INFO main - tls.server.need.client.auth = none
2022-08-12 10:41:27 INFO main - tls.server.keyPath = null
2022-08-12 10:41:27 INFO main - tls.server.keyPassword = null
2022-08-12 10:41:27 INFO main - tls.server.certPath = null
2022-08-12 10:41:27 INFO main - tls.server.authClient = false
2022-08-12 10:41:27 INFO main - tls.server.trustCertPath = null
2022-08-12 10:41:27 INFO main - tls.client.keyPath = null
2022-08-12 10:41:27 INFO main - tls.client.keyPassword = null
2022-08-12 10:41:27 INFO main - tls.client.certPath = null
2022-08-12 10:41:27 INFO main - tls.client.authServer = false
2022-08-12 10:41:27 INFO main - tls.client.trustCertPath = null
2022-08-12 10:41:27 INFO main - Using OpenSSL provider
2022-08-12 10:41:28 INFO main - SSLContext created for server
2022-08-12 10:41:28 INFO main - Server is running in TLS permissive mode
2022-08-12 10:41:28 INFO main - Tls config file doesn't exist, skip it
2022-08-12 10:41:28 INFO main - Log the final used tls related configuration
2022-08-12 10:41:28 INFO main - tls.test.mode.enable = true
2022-08-12 10:41:28 INFO main - tls.server.need.client.auth = none
2022-08-12 10:41:28 INFO main - tls.server.keyPath = null
2022-08-12 10:41:28 INFO main - tls.server.keyPassword = null
2022-08-12 10:41:28 INFO main - tls.server.certPath = null
2022-08-12 10:41:28 INFO main - tls.server.authClient = false
2022-08-12 10:41:28 INFO main - tls.server.trustCertPath = null
2022-08-12 10:41:28 INFO main - tls.client.keyPath = null
2022-08-12 10:41:28 INFO main - tls.client.keyPassword = null
2022-08-12 10:41:28 INFO main - tls.client.certPath = null
2022-08-12 10:41:28 INFO main - tls.client.authServer = false
2022-08-12 10:41:28 INFO main - tls.client.trustCertPath = null
2022-08-12 10:41:28 INFO main - Using OpenSSL provider
2022-08-12 10:41:28 INFO main - SSLContext created for server
2022-08-12 10:41:28 INFO main - name server address updated. NEW : [namesrv:9876] , OLD: null
2022-08-12 10:41:28 INFO NettyEventExecutor - NettyEventExecutor service started
2022-08-12 10:41:28 INFO NettyEventExecutor - NettyEventExecutor service started
2022-08-12 10:41:28 INFO brokerOutApi_thread_1 - createChannel: begin to connect remote host[namesrv:9876] asynchronously
2022-08-12 10:41:28 INFO NettyClientWorkerThread_1 - NETTY CLIENT PIPELINE: CONNECT  UNKNOWN => amesrv/172.21.0.2:9876
2022-08-12 10:41:28 INFO brokerOutApi_thread_1 - createChannel: connect remote host[namesrv:9876] success, DefaultChannelPromise@2e0fdf8f(success)
